<?xml version="1.0" encoding="UTF-8"?>
<testsuite xmlns:xsi="http://www.w3.org/2001/XMLSchema-instance" xsi:noNamespaceSchemaLocation="https://maven.apache.org/surefire/maven-surefire-plugin/xsd/surefire-test-report.xsd" name="com.mdits.ApplicationTests" time="13.953" tests="1" errors="0" skipped="0" failures="0">
  <properties>
    <property name="sun.desktop" value="windows"/>
    <property name="awt.toolkit" value="sun.awt.windows.WToolkit"/>
    <property name="java.specification.version" value="11"/>
    <property name="sun.cpu.isalist" value="amd64"/>
    <property name="sonar.login" value="c85627bc530b9bb3d3bee1fb6f76644fa7b42003"/>
    <property name="sun.jnu.encoding" value="Cp1252"/>
    <property name="java.class.path" value="E:\JAVA\ALL_Examples\workspace\DEV\sb-devops-sonarqubeIntegration\target\test-classes;E:\JAVA\ALL_Examples\workspace\DEV\sb-devops-sonarqubeIntegration\target\classes;C:\Users\manidweepam\.m2\repository\org\springframework\boot\spring-boot-starter-data-jpa\2.1.1.RELEASE\spring-boot-starter-data-jpa-2.1.1.RELEASE.jar;C:\Users\manidweepam\.m2\repository\org\springframework\boot\spring-boot-starter-aop\2.1.1.RELEASE\spring-boot-starter-aop-2.1.1.RELEASE.jar;C:\Users\manidweepam\.m2\repository\org\springframework\spring-aop\5.1.3.RELEASE\spring-aop-5.1.3.RELEASE.jar;C:\Users\manidweepam\.m2\repository\org\aspectj\aspectjweaver\1.9.2\aspectjweaver-1.9.2.jar;C:\Users\manidweepam\.m2\repository\org\springframework\boot\spring-boot-starter-jdbc\2.1.1.RELEASE\spring-boot-starter-jdbc-2.1.1.RELEASE.jar;C:\Users\manidweepam\.m2\repository\com\zaxxer\HikariCP\3.2.0\HikariCP-3.2.0.jar;C:\Users\manidweepam\.m2\repository\org\springframework\spring-jdbc\5.1.3.RELEASE\spring-jdbc-5.1.3.RELEASE.jar;C:\Users\manidweepam\.m2\repository\javax\transaction\javax.transaction-api\1.3\javax.transaction-api-1.3.jar;C:\Users\manidweepam\.m2\repository\javax\xml\bind\jaxb-api\2.3.1\jaxb-api-2.3.1.jar;C:\Users\manidweepam\.m2\repository\javax\activation\javax.activation-api\1.2.0\javax.activation-api-1.2.0.jar;C:\Users\manidweepam\.m2\repository\org\hibernate\hibernate-core\5.3.7.Final\hibernate-core-5.3.7.Final.jar;C:\Users\manidweepam\.m2\repository\org\jboss\logging\jboss-logging\3.3.2.Final\jboss-logging-3.3.2.Final.jar;C:\Users\manidweepam\.m2\repository\javax\persistence\javax.persistence-api\2.2\javax.persistence-api-2.2.jar;C:\Users\manidweepam\.m2\repository\org\javassist\javassist\3.23.1-GA\javassist-3.23.1-GA.jar;C:\Users\manidweepam\.m2\repository\net\bytebuddy\byte-buddy\1.9.5\byte-buddy-1.9.5.jar;C:\Users\manidweepam\.m2\repository\antlr\antlr\2.7.7\antlr-2.7.7.jar;C:\Users\manidweepam\.m2\repository\org\jboss\jandex\2.0.5.Final\jandex-2.0.5.Final.jar;C:\Users\manidweepam\.m2\repository\com\fasterxml\classmate\1.4.0\classmate-1.4.0.jar;C:\Users\manidweepam\.m2\repository\org\dom4j\dom4j\2.1.1\dom4j-2.1.1.jar;C:\Users\manidweepam\.m2\repository\org\hibernate\common\hibernate-commons-annotations\5.0.4.Final\hibernate-commons-annotations-5.0.4.Final.jar;C:\Users\manidweepam\.m2\repository\org\springframework\data\spring-data-jpa\2.1.3.RELEASE\spring-data-jpa-2.1.3.RELEASE.jar;C:\Users\manidweepam\.m2\repository\org\springframework\data\spring-data-commons\2.1.3.RELEASE\spring-data-commons-2.1.3.RELEASE.jar;C:\Users\manidweepam\.m2\repository\org\springframework\spring-orm\5.1.3.RELEASE\spring-orm-5.1.3.RELEASE.jar;C:\Users\manidweepam\.m2\repository\org\springframework\spring-context\5.1.3.RELEASE\spring-context-5.1.3.RELEASE.jar;C:\Users\manidweepam\.m2\repository\org\springframework\spring-tx\5.1.3.RELEASE\spring-tx-5.1.3.RELEASE.jar;C:\Users\manidweepam\.m2\repository\org\springframework\spring-beans\5.1.3.RELEASE\spring-beans-5.1.3.RELEASE.jar;C:\Users\manidweepam\.m2\repository\org\springframework\spring-aspects\5.1.3.RELEASE\spring-aspects-5.1.3.RELEASE.jar;C:\Users\manidweepam\.m2\repository\org\springframework\boot\spring-boot-starter-web\2.1.1.RELEASE\spring-boot-starter-web-2.1.1.RELEASE.jar;C:\Users\manidweepam\.m2\repository\org\springframework\boot\spring-boot-starter\2.1.1.RELEASE\spring-boot-starter-2.1.1.RELEASE.jar;C:\Users\manidweepam\.m2\repository\org\springframework\boot\spring-boot-starter-logging\2.1.1.RELEASE\spring-boot-starter-logging-2.1.1.RELEASE.jar;C:\Users\manidweepam\.m2\repository\org\apache\logging\log4j\log4j-to-slf4j\2.11.1\log4j-to-slf4j-2.11.1.jar;C:\Users\manidweepam\.m2\repository\org\apache\logging\log4j\log4j-api\2.11.1\log4j-api-2.11.1.jar;C:\Users\manidweepam\.m2\repository\org\slf4j\jul-to-slf4j\1.7.25\jul-to-slf4j-1.7.25.jar;C:\Users\manidweepam\.m2\repository\javax\annotation\javax.annotation-api\1.3.2\javax.annotation-api-1.3.2.jar;C:\Users\manidweepam\.m2\repository\org\yaml\snakeyaml\1.23\snakeyaml-1.23.jar;C:\Users\manidweepam\.m2\repository\org\springframework\boot\spring-boot-starter-json\2.1.1.RELEASE\spring-boot-starter-json-2.1.1.RELEASE.jar;C:\Users\manidweepam\.m2\repository\com\fasterxml\jackson\core\jackson-databind\2.9.7\jackson-databind-2.9.7.jar;C:\Users\manidweepam\.m2\repository\com\fasterxml\jackson\core\jackson-annotations\2.9.0\jackson-annotations-2.9.0.jar;C:\Users\manidweepam\.m2\repository\com\fasterxml\jackson\core\jackson-core\2.9.7\jackson-core-2.9.7.jar;C:\Users\manidweepam\.m2\repository\com\fasterxml\jackson\datatype\jackson-datatype-jdk8\2.9.7\jackson-datatype-jdk8-2.9.7.jar;C:\Users\manidweepam\.m2\repository\com\fasterxml\jackson\datatype\jackson-datatype-jsr310\2.9.7\jackson-datatype-jsr310-2.9.7.jar;C:\Users\manidweepam\.m2\repository\com\fasterxml\jackson\module\jackson-module-parameter-names\2.9.7\jackson-module-parameter-names-2.9.7.jar;C:\Users\manidweepam\.m2\repository\org\springframework\boot\spring-boot-starter-tomcat\2.1.1.RELEASE\spring-boot-starter-tomcat-2.1.1.RELEASE.jar;C:\Users\manidweepam\.m2\repository\org\apache\tomcat\embed\tomcat-embed-core\9.0.13\tomcat-embed-core-9.0.13.jar;C:\Users\manidweepam\.m2\repository\org\apache\tomcat\embed\tomcat-embed-el\9.0.13\tomcat-embed-el-9.0.13.jar;C:\Users\manidweepam\.m2\repository\org\apache\tomcat\embed\tomcat-embed-websocket\9.0.13\tomcat-embed-websocket-9.0.13.jar;C:\Users\manidweepam\.m2\repository\org\hibernate\validator\hibernate-validator\6.0.13.Final\hibernate-validator-6.0.13.Final.jar;C:\Users\manidweepam\.m2\repository\javax\validation\validation-api\2.0.1.Final\validation-api-2.0.1.Final.jar;C:\Users\manidweepam\.m2\repository\org\springframework\spring-web\5.1.3.RELEASE\spring-web-5.1.3.RELEASE.jar;C:\Users\manidweepam\.m2\repository\org\springframework\spring-webmvc\5.1.3.RELEASE\spring-webmvc-5.1.3.RELEASE.jar;C:\Users\manidweepam\.m2\repository\org\springframework\spring-expression\5.1.3.RELEASE\spring-expression-5.1.3.RELEASE.jar;C:\Users\manidweepam\.m2\repository\org\springframework\boot\spring-boot-devtools\2.1.1.RELEASE\spring-boot-devtools-2.1.1.RELEASE.jar;C:\Users\manidweepam\.m2\repository\org\springframework\boot\spring-boot\2.1.1.RELEASE\spring-boot-2.1.1.RELEASE.jar;C:\Users\manidweepam\.m2\repository\org\springframework\boot\spring-boot-autoconfigure\2.1.1.RELEASE\spring-boot-autoconfigure-2.1.1.RELEASE.jar;C:\Users\manidweepam\.m2\repository\org\projectlombok\lombok\1.18.4\lombok-1.18.4.jar;C:\Users\manidweepam\.m2\repository\org\codehaus\sonar\sonar-maven-plugin\3.2-RC2\sonar-maven-plugin-3.2-RC2.jar;C:\Users\manidweepam\.m2\repository\org\apache\maven\shared\maven-dependency-tree\1.2\maven-dependency-tree-1.2.jar;C:\Users\manidweepam\.m2\repository\org\apache\maven\maven-project\2.0.8\maven-project-2.0.8.jar;C:\Users\manidweepam\.m2\repository\org\apache\maven\maven-settings\2.0.8\maven-settings-2.0.8.jar;C:\Users\manidweepam\.m2\repository\org\apache\maven\maven-profile\2.0.8\maven-profile-2.0.8.jar;C:\Users\manidweepam\.m2\repository\org\apache\maven\maven-model\2.0.8\maven-model-2.0.8.jar;C:\Users\manidweepam\.m2\repository\org\apache\maven\maven-artifact-manager\2.0.8\maven-artifact-manager-2.0.8.jar;C:\Users\manidweepam\.m2\repository\org\apache\maven\maven-repository-metadata\2.0.8\maven-repository-metadata-2.0.8.jar;C:\Users\manidweepam\.m2\repository\org\apache\maven\wagon\wagon-provider-api\1.0-beta-2\wagon-provider-api-1.0-beta-2.jar;C:\Users\manidweepam\.m2\repository\org\apache\maven\maven-plugin-registry\2.0.8\maven-plugin-registry-2.0.8.jar;C:\Users\manidweepam\.m2\repository\org\codehaus\plexus\plexus-utils\1.4.6\plexus-utils-1.4.6.jar;C:\Users\manidweepam\.m2\repository\org\apache\maven\maven-artifact\2.0.8\maven-artifact-2.0.8.jar;C:\Users\manidweepam\.m2\repository\org\codehaus\plexus\plexus-container-default\1.0-alpha-9-stable-1\plexus-container-default-1.0-alpha-9-stable-1.jar;C:\Users\manidweepam\.m2\repository\org\codehaus\sonar\sonar-batch\3.2-RC2\sonar-batch-3.2-RC2.jar;C:\Users\manidweepam\.m2\repository\org\codehaus\sonar\sonar-core\3.2-RC2\sonar-core-3.2-RC2.jar;C:\Users\manidweepam\.m2\repository\org\mybatis\mybatis\3.1.1\mybatis-3.1.1.jar;C:\Users\manidweepam\.m2\repository\org\codehaus\sonar\sonar-update-center-common\1.3\sonar-update-center-common-1.3.jar;C:\Users\manidweepam\.m2\repository\org\hibernate\hibernate-annotations\3.4.0.GA\hibernate-annotations-3.4.0.GA.jar;C:\Users\manidweepam\.m2\repository\org\hibernate\ejb3-persistence\1.0.2.GA\ejb3-persistence-1.0.2.GA.jar;C:\Users\manidweepam\.m2\repository\dom4j\dom4j\1.6.1\dom4j-1.6.1.jar;C:\Users\manidweepam\.m2\repository\org\hibernate\hibernate-commons-annotations\3.1.0.GA\hibernate-commons-annotations-3.1.0.GA.jar;C:\Users\manidweepam\.m2\repository\org\hibernate\hibernate-entitymanager\5.3.7.Final\hibernate-entitymanager-5.3.7.Final.jar;C:\Users\manidweepam\.m2\repository\org\jboss\spec\javax\transaction\jboss-transaction-api_1.2_spec\1.1.1.Final\jboss-transaction-api_1.2_spec-1.1.1.Final.jar;C:\Users\manidweepam\.m2\repository\geronimo-spec\geronimo-spec-jta\1.0-M1\geronimo-spec-jta-1.0-M1.jar;C:\Users\manidweepam\.m2\repository\org\hibernate\hibernate-ehcache\5.3.7.Final\hibernate-ehcache-5.3.7.Final.jar;C:\Users\manidweepam\.m2\repository\net\sf\ehcache\ehcache\2.10.6\ehcache-2.10.6.jar;C:\Users\manidweepam\.m2\repository\commons-dbcp\commons-dbcp\1.3\commons-dbcp-1.3.jar;C:\Users\manidweepam\.m2\repository\commons-pool\commons-pool\1.6\commons-pool-1.6.jar;C:\Users\manidweepam\.m2\repository\org\codehaus\plexus\plexus-classworlds\2.2.3\plexus-classworlds-2.2.3.jar;C:\Users\manidweepam\.m2\repository\org\slf4j\jcl-over-slf4j\1.7.25\jcl-over-slf4j-1.7.25.jar;C:\Users\manidweepam\.m2\repository\org\slf4j\log4j-over-slf4j\1.7.25\log4j-over-slf4j-1.7.25.jar;C:\Users\manidweepam\.m2\repository\org\codehaus\sonar\sonar-deprecated\3.2-RC2\sonar-deprecated-3.2-RC2.jar;C:\Users\manidweepam\.m2\repository\org\codehaus\sonar\sonar-java-api\3.2-RC2\sonar-java-api-3.2-RC2.jar;C:\Users\manidweepam\.m2\repository\org\codehaus\sonar\sonar-plugin-api\3.2-RC2\sonar-plugin-api-3.2-RC2.jar;C:\Users\manidweepam\.m2\repository\org\codehaus\sonar\sonar-check-api\3.2-RC2\sonar-check-api-3.2-RC2.jar;C:\Users\manidweepam\.m2\repository\org\codehaus\sonar\sonar-colorizer\3.2-RC2\sonar-colorizer-3.2-RC2.jar;C:\Users\manidweepam\.m2\repository\org\codehaus\sonar\sonar-channel\3.2-RC2\sonar-channel-3.2-RC2.jar;C:\Users\manidweepam\.m2\repository\org\codehaus\sonar\sonar-duplications\3.2-RC2\sonar-duplications-3.2-RC2.jar;C:\Users\manidweepam\.m2\repository\org\codehaus\sonar\sonar-graph\3.2-RC2\sonar-graph-3.2-RC2.jar;C:\Users\manidweepam\.m2\repository\com\google\guava\guava\10.0.1\guava-10.0.1.jar;C:\Users\manidweepam\.m2\repository\com\google\code\findbugs\jsr305\1.3.9\jsr305-1.3.9.jar;C:\Users\manidweepam\.m2\repository\commons-configuration\commons-configuration\1.6\commons-configuration-1.6.jar;C:\Users\manidweepam\.m2\repository\commons-collections\commons-collections\3.2.1\commons-collections-3.2.1.jar;C:\Users\manidweepam\.m2\repository\commons-digester\commons-digester\1.8\commons-digester-1.8.jar;C:\Users\manidweepam\.m2\repository\commons-beanutils\commons-beanutils\1.7.0\commons-beanutils-1.7.0.jar;C:\Users\manidweepam\.m2\repository\commons-codec\commons-codec\1.11\commons-codec-1.11.jar;C:\Users\manidweepam\.m2\repository\jfree\jfreechart\1.0.9\jfreechart-1.0.9.jar;C:\Users\manidweepam\.m2\repository\jfree\jcommon\1.0.12\jcommon-1.0.12.jar;C:\Users\manidweepam\.m2\repository\com\thoughtworks\xstream\xstream\1.3.1\xstream-1.3.1.jar;C:\Users\manidweepam\.m2\repository\xpp3\xpp3\1.1.3.3\xpp3-1.1.3.3.jar;C:\Users\manidweepam\.m2\repository\org\codehaus\woodstox\woodstox-core-lgpl\4.0.4\woodstox-core-lgpl-4.0.4.jar;C:\Users\manidweepam\.m2\repository\stax\stax-api\1.0.1\stax-api-1.0.1.jar;C:\Users\manidweepam\.m2\repository\org\codehaus\woodstox\stax2-api\3.0.1\stax2-api-3.0.1.jar;C:\Users\manidweepam\.m2\repository\org\codehaus\staxmate\staxmate\2.0.0\staxmate-2.0.0.jar;C:\Users\manidweepam\.m2\repository\xerces\xercesImpl\2.8.1\xercesImpl-2.8.1.jar;C:\Users\manidweepam\.m2\repository\xml-apis\xml-apis\1.4.01\xml-apis-1.4.01.jar;C:\Users\manidweepam\.m2\repository\xalan\xalan\2.7.1\xalan-2.7.1.jar;C:\Users\manidweepam\.m2\repository\xalan\serializer\2.7.1\serializer-2.7.1.jar;C:\Users\manidweepam\.m2\repository\org\codehaus\sonar\sonar-squid\3.2-RC2\sonar-squid-3.2-RC2.jar;C:\Users\manidweepam\.m2\repository\commons-io\commons-io\2.0.1\commons-io-2.0.1.jar;C:\Users\manidweepam\.m2\repository\org\picocontainer\picocontainer\2.14.1\picocontainer-2.14.1.jar;C:\Users\manidweepam\.m2\repository\commons-lang\commons-lang\2.6\commons-lang-2.6.jar;C:\Users\manidweepam\.m2\repository\org\slf4j\slf4j-api\1.7.25\slf4j-api-1.7.25.jar;C:\Users\manidweepam\.m2\repository\ch\qos\logback\logback-classic\1.2.3\logback-classic-1.2.3.jar;C:\Users\manidweepam\.m2\repository\ch\qos\logback\logback-core\1.2.3\logback-core-1.2.3.jar;C:\Users\manidweepam\.m2\repository\mysql\mysql-connector-java\8.0.16\mysql-connector-java-8.0.16.jar;C:\Users\manidweepam\.m2\repository\org\springframework\boot\spring-boot-starter-test\2.1.1.RELEASE\spring-boot-starter-test-2.1.1.RELEASE.jar;C:\Users\manidweepam\.m2\repository\org\springframework\boot\spring-boot-test\2.1.1.RELEASE\spring-boot-test-2.1.1.RELEASE.jar;C:\Users\manidweepam\.m2\repository\org\springframework\boot\spring-boot-test-autoconfigure\2.1.1.RELEASE\spring-boot-test-autoconfigure-2.1.1.RELEASE.jar;C:\Users\manidweepam\.m2\repository\com\jayway\jsonpath\json-path\2.4.0\json-path-2.4.0.jar;C:\Users\manidweepam\.m2\repository\net\minidev\json-smart\2.3\json-smart-2.3.jar;C:\Users\manidweepam\.m2\repository\net\minidev\accessors-smart\1.2\accessors-smart-1.2.jar;C:\Users\manidweepam\.m2\repository\org\ow2\asm\asm\5.0.4\asm-5.0.4.jar;C:\Users\manidweepam\.m2\repository\junit\junit\4.12\junit-4.12.jar;C:\Users\manidweepam\.m2\repository\org\assertj\assertj-core\3.11.1\assertj-core-3.11.1.jar;C:\Users\manidweepam\.m2\repository\org\mockito\mockito-core\2.23.4\mockito-core-2.23.4.jar;C:\Users\manidweepam\.m2\repository\net\bytebuddy\byte-buddy-agent\1.9.5\byte-buddy-agent-1.9.5.jar;C:\Users\manidweepam\.m2\repository\org\objenesis\objenesis\2.6\objenesis-2.6.jar;C:\Users\manidweepam\.m2\repository\org\hamcrest\hamcrest-core\1.3\hamcrest-core-1.3.jar;C:\Users\manidweepam\.m2\repository\org\hamcrest\hamcrest-library\1.3\hamcrest-library-1.3.jar;C:\Users\manidweepam\.m2\repository\org\skyscreamer\jsonassert\1.5.0\jsonassert-1.5.0.jar;C:\Users\manidweepam\.m2\repository\com\vaadin\external\google\android-json\0.0.20131108.vaadin1\android-json-0.0.20131108.vaadin1.jar;C:\Users\manidweepam\.m2\repository\org\springframework\spring-core\5.1.3.RELEASE\spring-core-5.1.3.RELEASE.jar;C:\Users\manidweepam\.m2\repository\org\springframework\spring-jcl\5.1.3.RELEASE\spring-jcl-5.1.3.RELEASE.jar;C:\Users\manidweepam\.m2\repository\org\springframework\spring-test\5.1.3.RELEASE\spring-test-5.1.3.RELEASE.jar;C:\Users\manidweepam\.m2\repository\org\xmlunit\xmlunit-core\2.6.2\xmlunit-core-2.6.2.jar;"/>
    <property name="java.vm.vendor" value="Oracle Corporation"/>
    <property name="sun.arch.data.model" value="64"/>
    <property name="user.variant" value=""/>
    <property name="java.vendor.url" value="https://openjdk.java.net/"/>
    <property name="user.timezone" value="Asia/Calcutta"/>
    <property name="java.vm.specification.version" value="11"/>
    <property name="os.name" value="Windows 10"/>
    <property name="sun.java.launcher" value="SUN_STANDARD"/>
    <property name="user.country" value="IN"/>
    <property name="sun.boot.library.path" value="C:\Program Files\Java\jdk-11.0.9\bin"/>
    <property name="sun.java.command" value="C:\Users\MANIDW~1\AppData\Local\Temp\surefire7569146535753757373\surefirebooter16820860858568847385.jar C:\Users\manidweepam\AppData\Local\Temp\surefire7569146535753757373 2021-03-02T19-20-48_809-jvmRun1 surefire4717975416052932681tmp surefire_0643263518413727186tmp"/>
    <property name="jdk.debug" value="release"/>
    <property name="surefire.test.class.path" value="E:\JAVA\ALL_Examples\workspace\DEV\sb-devops-sonarqubeIntegration\target\test-classes;E:\JAVA\ALL_Examples\workspace\DEV\sb-devops-sonarqubeIntegration\target\classes;C:\Users\manidweepam\.m2\repository\org\springframework\boot\spring-boot-starter-data-jpa\2.1.1.RELEASE\spring-boot-starter-data-jpa-2.1.1.RELEASE.jar;C:\Users\manidweepam\.m2\repository\org\springframework\boot\spring-boot-starter-aop\2.1.1.RELEASE\spring-boot-starter-aop-2.1.1.RELEASE.jar;C:\Users\manidweepam\.m2\repository\org\springframework\spring-aop\5.1.3.RELEASE\spring-aop-5.1.3.RELEASE.jar;C:\Users\manidweepam\.m2\repository\org\aspectj\aspectjweaver\1.9.2\aspectjweaver-1.9.2.jar;C:\Users\manidweepam\.m2\repository\org\springframework\boot\spring-boot-starter-jdbc\2.1.1.RELEASE\spring-boot-starter-jdbc-2.1.1.RELEASE.jar;C:\Users\manidweepam\.m2\repository\com\zaxxer\HikariCP\3.2.0\HikariCP-3.2.0.jar;C:\Users\manidweepam\.m2\repository\org\springframework\spring-jdbc\5.1.3.RELEASE\spring-jdbc-5.1.3.RELEASE.jar;C:\Users\manidweepam\.m2\repository\javax\transaction\javax.transaction-api\1.3\javax.transaction-api-1.3.jar;C:\Users\manidweepam\.m2\repository\javax\xml\bind\jaxb-api\2.3.1\jaxb-api-2.3.1.jar;C:\Users\manidweepam\.m2\repository\javax\activation\javax.activation-api\1.2.0\javax.activation-api-1.2.0.jar;C:\Users\manidweepam\.m2\repository\org\hibernate\hibernate-core\5.3.7.Final\hibernate-core-5.3.7.Final.jar;C:\Users\manidweepam\.m2\repository\org\jboss\logging\jboss-logging\3.3.2.Final\jboss-logging-3.3.2.Final.jar;C:\Users\manidweepam\.m2\repository\javax\persistence\javax.persistence-api\2.2\javax.persistence-api-2.2.jar;C:\Users\manidweepam\.m2\repository\org\javassist\javassist\3.23.1-GA\javassist-3.23.1-GA.jar;C:\Users\manidweepam\.m2\repository\net\bytebuddy\byte-buddy\1.9.5\byte-buddy-1.9.5.jar;C:\Users\manidweepam\.m2\repository\antlr\antlr\2.7.7\antlr-2.7.7.jar;C:\Users\manidweepam\.m2\repository\org\jboss\jandex\2.0.5.Final\jandex-2.0.5.Final.jar;C:\Users\manidweepam\.m2\repository\com\fasterxml\classmate\1.4.0\classmate-1.4.0.jar;C:\Users\manidweepam\.m2\repository\org\dom4j\dom4j\2.1.1\dom4j-2.1.1.jar;C:\Users\manidweepam\.m2\repository\org\hibernate\common\hibernate-commons-annotations\5.0.4.Final\hibernate-commons-annotations-5.0.4.Final.jar;C:\Users\manidweepam\.m2\repository\org\springframework\data\spring-data-jpa\2.1.3.RELEASE\spring-data-jpa-2.1.3.RELEASE.jar;C:\Users\manidweepam\.m2\repository\org\springframework\data\spring-data-commons\2.1.3.RELEASE\spring-data-commons-2.1.3.RELEASE.jar;C:\Users\manidweepam\.m2\repository\org\springframework\spring-orm\5.1.3.RELEASE\spring-orm-5.1.3.RELEASE.jar;C:\Users\manidweepam\.m2\repository\org\springframework\spring-context\5.1.3.RELEASE\spring-context-5.1.3.RELEASE.jar;C:\Users\manidweepam\.m2\repository\org\springframework\spring-tx\5.1.3.RELEASE\spring-tx-5.1.3.RELEASE.jar;C:\Users\manidweepam\.m2\repository\org\springframework\spring-beans\5.1.3.RELEASE\spring-beans-5.1.3.RELEASE.jar;C:\Users\manidweepam\.m2\repository\org\springframework\spring-aspects\5.1.3.RELEASE\spring-aspects-5.1.3.RELEASE.jar;C:\Users\manidweepam\.m2\repository\org\springframework\boot\spring-boot-starter-web\2.1.1.RELEASE\spring-boot-starter-web-2.1.1.RELEASE.jar;C:\Users\manidweepam\.m2\repository\org\springframework\boot\spring-boot-starter\2.1.1.RELEASE\spring-boot-starter-2.1.1.RELEASE.jar;C:\Users\manidweepam\.m2\repository\org\springframework\boot\spring-boot-starter-logging\2.1.1.RELEASE\spring-boot-starter-logging-2.1.1.RELEASE.jar;C:\Users\manidweepam\.m2\repository\org\apache\logging\log4j\log4j-to-slf4j\2.11.1\log4j-to-slf4j-2.11.1.jar;C:\Users\manidweepam\.m2\repository\org\apache\logging\log4j\log4j-api\2.11.1\log4j-api-2.11.1.jar;C:\Users\manidweepam\.m2\repository\org\slf4j\jul-to-slf4j\1.7.25\jul-to-slf4j-1.7.25.jar;C:\Users\manidweepam\.m2\repository\javax\annotation\javax.annotation-api\1.3.2\javax.annotation-api-1.3.2.jar;C:\Users\manidweepam\.m2\repository\org\yaml\snakeyaml\1.23\snakeyaml-1.23.jar;C:\Users\manidweepam\.m2\repository\org\springframework\boot\spring-boot-starter-json\2.1.1.RELEASE\spring-boot-starter-json-2.1.1.RELEASE.jar;C:\Users\manidweepam\.m2\repository\com\fasterxml\jackson\core\jackson-databind\2.9.7\jackson-databind-2.9.7.jar;C:\Users\manidweepam\.m2\repository\com\fasterxml\jackson\core\jackson-annotations\2.9.0\jackson-annotations-2.9.0.jar;C:\Users\manidweepam\.m2\repository\com\fasterxml\jackson\core\jackson-core\2.9.7\jackson-core-2.9.7.jar;C:\Users\manidweepam\.m2\repository\com\fasterxml\jackson\datatype\jackson-datatype-jdk8\2.9.7\jackson-datatype-jdk8-2.9.7.jar;C:\Users\manidweepam\.m2\repository\com\fasterxml\jackson\datatype\jackson-datatype-jsr310\2.9.7\jackson-datatype-jsr310-2.9.7.jar;C:\Users\manidweepam\.m2\repository\com\fasterxml\jackson\module\jackson-module-parameter-names\2.9.7\jackson-module-parameter-names-2.9.7.jar;C:\Users\manidweepam\.m2\repository\org\springframework\boot\spring-boot-starter-tomcat\2.1.1.RELEASE\spring-boot-starter-tomcat-2.1.1.RELEASE.jar;C:\Users\manidweepam\.m2\repository\org\apache\tomcat\embed\tomcat-embed-core\9.0.13\tomcat-embed-core-9.0.13.jar;C:\Users\manidweepam\.m2\repository\org\apache\tomcat\embed\tomcat-embed-el\9.0.13\tomcat-embed-el-9.0.13.jar;C:\Users\manidweepam\.m2\repository\org\apache\tomcat\embed\tomcat-embed-websocket\9.0.13\tomcat-embed-websocket-9.0.13.jar;C:\Users\manidweepam\.m2\repository\org\hibernate\validator\hibernate-validator\6.0.13.Final\hibernate-validator-6.0.13.Final.jar;C:\Users\manidweepam\.m2\repository\javax\validation\validation-api\2.0.1.Final\validation-api-2.0.1.Final.jar;C:\Users\manidweepam\.m2\repository\org\springframework\spring-web\5.1.3.RELEASE\spring-web-5.1.3.RELEASE.jar;C:\Users\manidweepam\.m2\repository\org\springframework\spring-webmvc\5.1.3.RELEASE\spring-webmvc-5.1.3.RELEASE.jar;C:\Users\manidweepam\.m2\repository\org\springframework\spring-expression\5.1.3.RELEASE\spring-expression-5.1.3.RELEASE.jar;C:\Users\manidweepam\.m2\repository\org\springframework\boot\spring-boot-devtools\2.1.1.RELEASE\spring-boot-devtools-2.1.1.RELEASE.jar;C:\Users\manidweepam\.m2\repository\org\springframework\boot\spring-boot\2.1.1.RELEASE\spring-boot-2.1.1.RELEASE.jar;C:\Users\manidweepam\.m2\repository\org\springframework\boot\spring-boot-autoconfigure\2.1.1.RELEASE\spring-boot-autoconfigure-2.1.1.RELEASE.jar;C:\Users\manidweepam\.m2\repository\org\projectlombok\lombok\1.18.4\lombok-1.18.4.jar;C:\Users\manidweepam\.m2\repository\org\codehaus\sonar\sonar-maven-plugin\3.2-RC2\sonar-maven-plugin-3.2-RC2.jar;C:\Users\manidweepam\.m2\repository\org\apache\maven\shared\maven-dependency-tree\1.2\maven-dependency-tree-1.2.jar;C:\Users\manidweepam\.m2\repository\org\apache\maven\maven-project\2.0.8\maven-project-2.0.8.jar;C:\Users\manidweepam\.m2\repository\org\apache\maven\maven-settings\2.0.8\maven-settings-2.0.8.jar;C:\Users\manidweepam\.m2\repository\org\apache\maven\maven-profile\2.0.8\maven-profile-2.0.8.jar;C:\Users\manidweepam\.m2\repository\org\apache\maven\maven-model\2.0.8\maven-model-2.0.8.jar;C:\Users\manidweepam\.m2\repository\org\apache\maven\maven-artifact-manager\2.0.8\maven-artifact-manager-2.0.8.jar;C:\Users\manidweepam\.m2\repository\org\apache\maven\maven-repository-metadata\2.0.8\maven-repository-metadata-2.0.8.jar;C:\Users\manidweepam\.m2\repository\org\apache\maven\wagon\wagon-provider-api\1.0-beta-2\wagon-provider-api-1.0-beta-2.jar;C:\Users\manidweepam\.m2\repository\org\apache\maven\maven-plugin-registry\2.0.8\maven-plugin-registry-2.0.8.jar;C:\Users\manidweepam\.m2\repository\org\codehaus\plexus\plexus-utils\1.4.6\plexus-utils-1.4.6.jar;C:\Users\manidweepam\.m2\repository\org\apache\maven\maven-artifact\2.0.8\maven-artifact-2.0.8.jar;C:\Users\manidweepam\.m2\repository\org\codehaus\plexus\plexus-container-default\1.0-alpha-9-stable-1\plexus-container-default-1.0-alpha-9-stable-1.jar;C:\Users\manidweepam\.m2\repository\org\codehaus\sonar\sonar-batch\3.2-RC2\sonar-batch-3.2-RC2.jar;C:\Users\manidweepam\.m2\repository\org\codehaus\sonar\sonar-core\3.2-RC2\sonar-core-3.2-RC2.jar;C:\Users\manidweepam\.m2\repository\org\mybatis\mybatis\3.1.1\mybatis-3.1.1.jar;C:\Users\manidweepam\.m2\repository\org\codehaus\sonar\sonar-update-center-common\1.3\sonar-update-center-common-1.3.jar;C:\Users\manidweepam\.m2\repository\org\hibernate\hibernate-annotations\3.4.0.GA\hibernate-annotations-3.4.0.GA.jar;C:\Users\manidweepam\.m2\repository\org\hibernate\ejb3-persistence\1.0.2.GA\ejb3-persistence-1.0.2.GA.jar;C:\Users\manidweepam\.m2\repository\dom4j\dom4j\1.6.1\dom4j-1.6.1.jar;C:\Users\manidweepam\.m2\repository\org\hibernate\hibernate-commons-annotations\3.1.0.GA\hibernate-commons-annotations-3.1.0.GA.jar;C:\Users\manidweepam\.m2\repository\org\hibernate\hibernate-entitymanager\5.3.7.Final\hibernate-entitymanager-5.3.7.Final.jar;C:\Users\manidweepam\.m2\repository\org\jboss\spec\javax\transaction\jboss-transaction-api_1.2_spec\1.1.1.Final\jboss-transaction-api_1.2_spec-1.1.1.Final.jar;C:\Users\manidweepam\.m2\repository\geronimo-spec\geronimo-spec-jta\1.0-M1\geronimo-spec-jta-1.0-M1.jar;C:\Users\manidweepam\.m2\repository\org\hibernate\hibernate-ehcache\5.3.7.Final\hibernate-ehcache-5.3.7.Final.jar;C:\Users\manidweepam\.m2\repository\net\sf\ehcache\ehcache\2.10.6\ehcache-2.10.6.jar;C:\Users\manidweepam\.m2\repository\commons-dbcp\commons-dbcp\1.3\commons-dbcp-1.3.jar;C:\Users\manidweepam\.m2\repository\commons-pool\commons-pool\1.6\commons-pool-1.6.jar;C:\Users\manidweepam\.m2\repository\org\codehaus\plexus\plexus-classworlds\2.2.3\plexus-classworlds-2.2.3.jar;C:\Users\manidweepam\.m2\repository\org\slf4j\jcl-over-slf4j\1.7.25\jcl-over-slf4j-1.7.25.jar;C:\Users\manidweepam\.m2\repository\org\slf4j\log4j-over-slf4j\1.7.25\log4j-over-slf4j-1.7.25.jar;C:\Users\manidweepam\.m2\repository\org\codehaus\sonar\sonar-deprecated\3.2-RC2\sonar-deprecated-3.2-RC2.jar;C:\Users\manidweepam\.m2\repository\org\codehaus\sonar\sonar-java-api\3.2-RC2\sonar-java-api-3.2-RC2.jar;C:\Users\manidweepam\.m2\repository\org\codehaus\sonar\sonar-plugin-api\3.2-RC2\sonar-plugin-api-3.2-RC2.jar;C:\Users\manidweepam\.m2\repository\org\codehaus\sonar\sonar-check-api\3.2-RC2\sonar-check-api-3.2-RC2.jar;C:\Users\manidweepam\.m2\repository\org\codehaus\sonar\sonar-colorizer\3.2-RC2\sonar-colorizer-3.2-RC2.jar;C:\Users\manidweepam\.m2\repository\org\codehaus\sonar\sonar-channel\3.2-RC2\sonar-channel-3.2-RC2.jar;C:\Users\manidweepam\.m2\repository\org\codehaus\sonar\sonar-duplications\3.2-RC2\sonar-duplications-3.2-RC2.jar;C:\Users\manidweepam\.m2\repository\org\codehaus\sonar\sonar-graph\3.2-RC2\sonar-graph-3.2-RC2.jar;C:\Users\manidweepam\.m2\repository\com\google\guava\guava\10.0.1\guava-10.0.1.jar;C:\Users\manidweepam\.m2\repository\com\google\code\findbugs\jsr305\1.3.9\jsr305-1.3.9.jar;C:\Users\manidweepam\.m2\repository\commons-configuration\commons-configuration\1.6\commons-configuration-1.6.jar;C:\Users\manidweepam\.m2\repository\commons-collections\commons-collections\3.2.1\commons-collections-3.2.1.jar;C:\Users\manidweepam\.m2\repository\commons-digester\commons-digester\1.8\commons-digester-1.8.jar;C:\Users\manidweepam\.m2\repository\commons-beanutils\commons-beanutils\1.7.0\commons-beanutils-1.7.0.jar;C:\Users\manidweepam\.m2\repository\commons-codec\commons-codec\1.11\commons-codec-1.11.jar;C:\Users\manidweepam\.m2\repository\jfree\jfreechart\1.0.9\jfreechart-1.0.9.jar;C:\Users\manidweepam\.m2\repository\jfree\jcommon\1.0.12\jcommon-1.0.12.jar;C:\Users\manidweepam\.m2\repository\com\thoughtworks\xstream\xstream\1.3.1\xstream-1.3.1.jar;C:\Users\manidweepam\.m2\repository\xpp3\xpp3\1.1.3.3\xpp3-1.1.3.3.jar;C:\Users\manidweepam\.m2\repository\org\codehaus\woodstox\woodstox-core-lgpl\4.0.4\woodstox-core-lgpl-4.0.4.jar;C:\Users\manidweepam\.m2\repository\stax\stax-api\1.0.1\stax-api-1.0.1.jar;C:\Users\manidweepam\.m2\repository\org\codehaus\woodstox\stax2-api\3.0.1\stax2-api-3.0.1.jar;C:\Users\manidweepam\.m2\repository\org\codehaus\staxmate\staxmate\2.0.0\staxmate-2.0.0.jar;C:\Users\manidweepam\.m2\repository\xerces\xercesImpl\2.8.1\xercesImpl-2.8.1.jar;C:\Users\manidweepam\.m2\repository\xml-apis\xml-apis\1.4.01\xml-apis-1.4.01.jar;C:\Users\manidweepam\.m2\repository\xalan\xalan\2.7.1\xalan-2.7.1.jar;C:\Users\manidweepam\.m2\repository\xalan\serializer\2.7.1\serializer-2.7.1.jar;C:\Users\manidweepam\.m2\repository\org\codehaus\sonar\sonar-squid\3.2-RC2\sonar-squid-3.2-RC2.jar;C:\Users\manidweepam\.m2\repository\commons-io\commons-io\2.0.1\commons-io-2.0.1.jar;C:\Users\manidweepam\.m2\repository\org\picocontainer\picocontainer\2.14.1\picocontainer-2.14.1.jar;C:\Users\manidweepam\.m2\repository\commons-lang\commons-lang\2.6\commons-lang-2.6.jar;C:\Users\manidweepam\.m2\repository\org\slf4j\slf4j-api\1.7.25\slf4j-api-1.7.25.jar;C:\Users\manidweepam\.m2\repository\ch\qos\logback\logback-classic\1.2.3\logback-classic-1.2.3.jar;C:\Users\manidweepam\.m2\repository\ch\qos\logback\logback-core\1.2.3\logback-core-1.2.3.jar;C:\Users\manidweepam\.m2\repository\mysql\mysql-connector-java\8.0.16\mysql-connector-java-8.0.16.jar;C:\Users\manidweepam\.m2\repository\org\springframework\boot\spring-boot-starter-test\2.1.1.RELEASE\spring-boot-starter-test-2.1.1.RELEASE.jar;C:\Users\manidweepam\.m2\repository\org\springframework\boot\spring-boot-test\2.1.1.RELEASE\spring-boot-test-2.1.1.RELEASE.jar;C:\Users\manidweepam\.m2\repository\org\springframework\boot\spring-boot-test-autoconfigure\2.1.1.RELEASE\spring-boot-test-autoconfigure-2.1.1.RELEASE.jar;C:\Users\manidweepam\.m2\repository\com\jayway\jsonpath\json-path\2.4.0\json-path-2.4.0.jar;C:\Users\manidweepam\.m2\repository\net\minidev\json-smart\2.3\json-smart-2.3.jar;C:\Users\manidweepam\.m2\repository\net\minidev\accessors-smart\1.2\accessors-smart-1.2.jar;C:\Users\manidweepam\.m2\repository\org\ow2\asm\asm\5.0.4\asm-5.0.4.jar;C:\Users\manidweepam\.m2\repository\junit\junit\4.12\junit-4.12.jar;C:\Users\manidweepam\.m2\repository\org\assertj\assertj-core\3.11.1\assertj-core-3.11.1.jar;C:\Users\manidweepam\.m2\repository\org\mockito\mockito-core\2.23.4\mockito-core-2.23.4.jar;C:\Users\manidweepam\.m2\repository\net\bytebuddy\byte-buddy-agent\1.9.5\byte-buddy-agent-1.9.5.jar;C:\Users\manidweepam\.m2\repository\org\objenesis\objenesis\2.6\objenesis-2.6.jar;C:\Users\manidweepam\.m2\repository\org\hamcrest\hamcrest-core\1.3\hamcrest-core-1.3.jar;C:\Users\manidweepam\.m2\repository\org\hamcrest\hamcrest-library\1.3\hamcrest-library-1.3.jar;C:\Users\manidweepam\.m2\repository\org\skyscreamer\jsonassert\1.5.0\jsonassert-1.5.0.jar;C:\Users\manidweepam\.m2\repository\com\vaadin\external\google\android-json\0.0.20131108.vaadin1\android-json-0.0.20131108.vaadin1.jar;C:\Users\manidweepam\.m2\repository\org\springframework\spring-core\5.1.3.RELEASE\spring-core-5.1.3.RELEASE.jar;C:\Users\manidweepam\.m2\repository\org\springframework\spring-jcl\5.1.3.RELEASE\spring-jcl-5.1.3.RELEASE.jar;C:\Users\manidweepam\.m2\repository\org\springframework\spring-test\5.1.3.RELEASE\spring-test-5.1.3.RELEASE.jar;C:\Users\manidweepam\.m2\repository\org\xmlunit\xmlunit-core\2.6.2\xmlunit-core-2.6.2.jar;"/>
    <property name="sun.cpu.endian" value="little"/>
    <property name="user.home" value="C:\Users\manidweepam"/>
    <property name="user.language" value="en"/>
    <property name="java.specification.vendor" value="Oracle Corporation"/>
    <property name="java.version.date" value="2020-10-20"/>
    <property name="java.home" value="C:\Program Files\Java\jdk-11.0.9"/>
    <property name="file.separator" value="\"/>
    <property name="basedir" value="E:\JAVA\ALL_Examples\workspace\DEV\sb-devops-sonarqubeIntegration"/>
    <property name="java.vm.compressedOopsMode" value="Zero based"/>
    <property name="line.separator" value="&#10;"/>
    <property name="java.specification.name" value="Java Platform API Specification"/>
    <property name="java.vm.specification.vendor" value="Oracle Corporation"/>
    <property name="java.awt.graphicsenv" value="sun.awt.Win32GraphicsEnvironment"/>
    <property name="surefire.real.class.path" value="C:\Users\MANIDW~1\AppData\Local\Temp\surefire7569146535753757373\surefirebooter16820860858568847385.jar"/>
    <property name="user.script" value=""/>
    <property name="sun.management.compiler" value="HotSpot 64-Bit Tiered Compilers"/>
    <property name="java.runtime.version" value="11.0.9+7-LTS"/>
    <property name="user.name" value="manidweepam"/>
    <property name="path.separator" value=";"/>
    <property name="os.version" value="10.0"/>
    <property name="java.runtime.name" value="Java(TM) SE Runtime Environment"/>
    <property name="file.encoding" value="Cp1252"/>
    <property name="java.vm.name" value="Java HotSpot(TM) 64-Bit Server VM"/>
    <property name="java.vendor.version" value="18.9"/>
    <property name="localRepository" value="C:\Users\manidweepam\.m2\repository"/>
    <property name="java.vendor.url.bug" value="https://bugreport.java.com/bugreport/"/>
    <property name="java.io.tmpdir" value="C:\Users\MANIDW~1\AppData\Local\Temp\"/>
    <property name="java.version" value="11.0.9"/>
    <property name="user.dir" value="E:\JAVA\ALL_Examples\workspace\DEV\sb-devops-sonarqubeIntegration"/>
    <property name="os.arch" value="amd64"/>
    <property name="java.vm.specification.name" value="Java Virtual Machine Specification"/>
    <property name="java.awt.printerjob" value="sun.awt.windows.WPrinterJob"/>
    <property name="sun.os.patch.level" value=""/>
    <property name="java.library.path" value="C:\Program Files\Java\jdk-11.0.9\bin;C:\Windows\Sun\Java\bin;C:\Windows\system32;C:\Windows;C:/Program Files/Java/jre1.8.0_241/bin/server;C:/Program Files/Java/jre1.8.0_241/bin;C:/Program Files/Java/jre1.8.0_241/lib/amd64;C:\Program Files\Common Files\Oracle\Java\javapath;E:\app\manidweepam\product\11.2.0\dbhome_1\bin;C:\Program Files (x86)\Common Files\Oracle\Java\javapath;C:\Windows\system32;C:\Windows;C:\Windows\System32\Wbem;C:\Windows\System32\WindowsPowerShell\v1.0\;C:\Windows\System32\OpenSSH\;C:\Program Files (x86)\Intel\Intel(R) Management Engine Components\DAL;C:\Program Files\Intel\Intel(R) Management Engine Components\DAL;C:\Program Files\Intel\WiFi\bin\;C:\Program Files\Common Files\Intel\WirelessCommon\;C:\Program Files\Microsoft SQL Server\130\Tools\Binn\;C:\Program Files\Microsoft SQL Server\Client SDK\ODBC\170\Tools\Binn\;C:\Program Files\nodejs\;C:\Program Files\Java\jdk1.8.0_241\bin;C:\Program Files\Docker\Docker\resources\bin;C:\ProgramData\DockerDesktop\version-bin;C:\Program Files\Git\cmd;C:\Program Files\dotnet\;C:\Program Files\apache-maven-3.6.3\bin;C:\Elastic\elasticsearch-7.10.1\bin;C:\Elastic\kibana-7.10.1-windows-x86_64\bin;C:\Elastic\logstash-7.10.1\bin;C:\Program Files\Java\jdk-11.0.9;D:\softwares\sonar-scanner-4.6.0.2311-windows\bin;C:\Program Files\MySQL\MySQL Shell 8.0\bin\;C:\Users\manidweepam\AppData\Local\Microsoft\WindowsApps;C:\Users\manidweepam\AppData\Local\Programs\Microsoft VS Code\bin;C:\Users\manidweepam\AppData\Roaming\npm;C:\Users\manidweepam\.dotnet\tools;C:\Program Files\Apache_Server\Tomcat 9.0\lib\servlet-api.jar;C:\Program Files\Apache_Server\Tomcat 9.0\bin;C:\Program Files\Apache_Server\Tomcat 9.0\lib\servlet-api.jar;;C:\Users\manidweepam\Desktop;;."/>
    <property name="java.vendor" value="Oracle Corporation"/>
    <property name="java.vm.info" value="mixed mode"/>
    <property name="java.vm.version" value="11.0.9+7-LTS"/>
    <property name="sun.io.unicode.encoding" value="UnicodeLittle"/>
    <property name="java.class.version" value="55.0"/>
  </properties>
  <testcase name="deleteUserTest" classname="com.mdits.ApplicationTests" time="0.126"/>
</testsuite>